android/build/Android_Qt_6_6_2_Clang_arm64_v8a-Profile/android-build/build/intermediates/manifest_merge_blame_file/debug/manifest-merger-blame-debug-report.txt
1<?xml version="1.0" encoding="utf-8"?>
2<manifest xmlns:android="http://schemas.android.com/apk/res/android"
3    package="org.qtproject.example.RailWay_ControlPanel"
4    android:installLocation="auto"
5    android:versionCode="1"
6    android:versionName="1.0" >
7
8    <uses-sdk
9        android:minSdkVersion="23"
9-->Android_Qt_6_6_2_Clang_arm64_v8a-Profile\android-build\AndroidManifest.xml
10        android:targetSdkVersion="33" />
10-->Android_Qt_6_6_2_Clang_arm64_v8a-Profile\android-build\AndroidManifest.xml
11
12    <uses-permission android:name="android.permission.INTERNET" />
12-->Android_Qt_6_6_2_Clang_arm64_v8a-Profile\android-build\AndroidManifest.xml:7:5-67
12-->Android_Qt_6_6_2_Clang_arm64_v8a-Profile\android-build\AndroidManifest.xml:7:22-64
13    <uses-permission android:name="android.permission.WRITE_EXTERNAL_STORAGE" />
13-->Android_Qt_6_6_2_Clang_arm64_v8a-Profile\android-build\AndroidManifest.xml:8:5-81
13-->Android_Qt_6_6_2_Clang_arm64_v8a-Profile\android-build\AndroidManifest.xml:8:22-78
14    <uses-permission android:name="android.permission.ACCESS_NETWORK_STATE" />
14-->Android_Qt_6_6_2_Clang_arm64_v8a-Profile\android-build\AndroidManifest.xml:9:5-79
14-->Android_Qt_6_6_2_Clang_arm64_v8a-Profile\android-build\AndroidManifest.xml:9:22-76
15
16    <supports-screens
16-->Android_Qt_6_6_2_Clang_arm64_v8a-Profile\android-build\AndroidManifest.xml:11:5-15:39
17        android:anyDensity="true"
17-->Android_Qt_6_6_2_Clang_arm64_v8a-Profile\android-build\AndroidManifest.xml:12:9-34
18        android:largeScreens="true"
18-->Android_Qt_6_6_2_Clang_arm64_v8a-Profile\android-build\AndroidManifest.xml:13:9-36
19        android:normalScreens="true"
19-->Android_Qt_6_6_2_Clang_arm64_v8a-Profile\android-build\AndroidManifest.xml:14:9-37
20        android:smallScreens="true" />
20-->Android_Qt_6_6_2_Clang_arm64_v8a-Profile\android-build\AndroidManifest.xml:15:9-36
21
22    <permission
22-->[androidx.core:core:1.10.1] AndroidManifest.xml:22:5-24:47
23        android:name="org.qtproject.example.RailWay_ControlPanel.DYNAMIC_RECEIVER_NOT_EXPORTED_PERMISSION"
23-->[androidx.core:core:1.10.1] AndroidManifest.xml:23:9-81
24        android:protectionLevel="signature" />
24-->[androidx.core:core:1.10.1] AndroidManifest.xml:24:9-44
25
26    <uses-permission android:name="org.qtproject.example.RailWay_ControlPanel.DYNAMIC_RECEIVER_NOT_EXPORTED_PERMISSION" />
26-->[androidx.core:core:1.10.1] AndroidManifest.xml:26:5-97
26-->[androidx.core:core:1.10.1] AndroidManifest.xml:26:22-94
27
28    <application
28-->Android_Qt_6_6_2_Clang_arm64_v8a-Profile\android-build\AndroidManifest.xml:16:5-57:19
29        android:name="org.qtproject.qt.android.bindings.QtApplication"
29-->Android_Qt_6_6_2_Clang_arm64_v8a-Profile\android-build\AndroidManifest.xml:17:9-71
30        android:allowBackup="true"
30-->Android_Qt_6_6_2_Clang_arm64_v8a-Profile\android-build\AndroidManifest.xml:21:9-35
31        android:appComponentFactory="androidx.core.app.CoreComponentFactory"
31-->[androidx.core:core:1.10.1] AndroidManifest.xml:28:18-86
32        android:debuggable="true"
33        android:fullBackupOnly="false"
33-->Android_Qt_6_6_2_Clang_arm64_v8a-Profile\android-build\AndroidManifest.xml:22:9-39
34        android:hardwareAccelerated="true"
34-->Android_Qt_6_6_2_Clang_arm64_v8a-Profile\android-build\AndroidManifest.xml:18:9-43
35        android:label="RailWay_ControlPanel"
35-->Android_Qt_6_6_2_Clang_arm64_v8a-Profile\android-build\AndroidManifest.xml:19:9-45
36        android:requestLegacyExternalStorage="true" >
36-->Android_Qt_6_6_2_Clang_arm64_v8a-Profile\android-build\AndroidManifest.xml:20:9-52
37        <activity
37-->Android_Qt_6_6_2_Clang_arm64_v8a-Profile\android-build\AndroidManifest.xml:23:9-46:20
38            android:name="org.qtproject.qt.android.bindings.QtActivity"
38-->Android_Qt_6_6_2_Clang_arm64_v8a-Profile\android-build\AndroidManifest.xml:24:13-72
39            android:configChanges="orientation|uiMode|screenLayout|screenSize|smallestScreenSize|layoutDirection|locale|fontScale|keyboard|keyboardHidden|navigation|mcc|mnc|density"
39-->Android_Qt_6_6_2_Clang_arm64_v8a-Profile\android-build\AndroidManifest.xml:25:13-182
40            android:exported="true"
40-->Android_Qt_6_6_2_Clang_arm64_v8a-Profile\android-build\AndroidManifest.xml:29:13-36
41            android:label="RailWay_ControlPanel"
41-->Android_Qt_6_6_2_Clang_arm64_v8a-Profile\android-build\AndroidManifest.xml:26:13-49
42            android:launchMode="singleTop"
42-->Android_Qt_6_6_2_Clang_arm64_v8a-Profile\android-build\AndroidManifest.xml:27:13-43
43            android:screenOrientation="unspecified" >
43-->Android_Qt_6_6_2_Clang_arm64_v8a-Profile\android-build\AndroidManifest.xml:28:13-52
44            <intent-filter>
44-->Android_Qt_6_6_2_Clang_arm64_v8a-Profile\android-build\AndroidManifest.xml:30:13-33:29
45                <action android:name="android.intent.action.MAIN" />
45-->Android_Qt_6_6_2_Clang_arm64_v8a-Profile\android-build\AndroidManifest.xml:31:17-69
45-->Android_Qt_6_6_2_Clang_arm64_v8a-Profile\android-build\AndroidManifest.xml:31:25-66
46
47                <category android:name="android.intent.category.LAUNCHER" />
47-->Android_Qt_6_6_2_Clang_arm64_v8a-Profile\android-build\AndroidManifest.xml:32:17-77
47-->Android_Qt_6_6_2_Clang_arm64_v8a-Profile\android-build\AndroidManifest.xml:32:27-74
48            </intent-filter>
49
50            <meta-data
50-->Android_Qt_6_6_2_Clang_arm64_v8a-Profile\android-build\AndroidManifest.xml:35:11-37:56
51                android:name="android.app.lib_name"
51-->Android_Qt_6_6_2_Clang_arm64_v8a-Profile\android-build\AndroidManifest.xml:36:17-52
52                android:value="RailWay_ControlPanel" />
52-->Android_Qt_6_6_2_Clang_arm64_v8a-Profile\android-build\AndroidManifest.xml:37:17-53
53            <meta-data
53-->Android_Qt_6_6_2_Clang_arm64_v8a-Profile\android-build\AndroidManifest.xml:39:11-41:36
54                android:name="android.app.arguments"
54-->Android_Qt_6_6_2_Clang_arm64_v8a-Profile\android-build\AndroidManifest.xml:40:17-53
55                android:value="" />
55-->Android_Qt_6_6_2_Clang_arm64_v8a-Profile\android-build\AndroidManifest.xml:41:17-33
56            <meta-data
56-->Android_Qt_6_6_2_Clang_arm64_v8a-Profile\android-build\AndroidManifest.xml:43:13-45:43
57                android:name="android.app.extract_android_style"
57-->Android_Qt_6_6_2_Clang_arm64_v8a-Profile\android-build\AndroidManifest.xml:44:17-65
58                android:value="minimal" />
58-->Android_Qt_6_6_2_Clang_arm64_v8a-Profile\android-build\AndroidManifest.xml:45:17-40
59        </activity>
60
61        <provider
62            android:name="androidx.core.content.FileProvider"
62-->Android_Qt_6_6_2_Clang_arm64_v8a-Profile\android-build\AndroidManifest.xml:49:13-62
63            android:authorities="org.qtproject.example.RailWay_ControlPanel.qtprovider"
63-->Android_Qt_6_6_2_Clang_arm64_v8a-Profile\android-build\AndroidManifest.xml:50:13-62
64            android:exported="false"
64-->Android_Qt_6_6_2_Clang_arm64_v8a-Profile\android-build\AndroidManifest.xml:51:13-37
65            android:grantUriPermissions="true" >
65-->Android_Qt_6_6_2_Clang_arm64_v8a-Profile\android-build\AndroidManifest.xml:52:13-47
66            <meta-data
66-->Android_Qt_6_6_2_Clang_arm64_v8a-Profile\android-build\AndroidManifest.xml:53:13-55:59
67                android:name="android.support.FILE_PROVIDER_PATHS"
67-->Android_Qt_6_6_2_Clang_arm64_v8a-Profile\android-build\AndroidManifest.xml:54:17-67
68                android:resource="@xml/qtprovider_paths" />
68-->Android_Qt_6_6_2_Clang_arm64_v8a-Profile\android-build\AndroidManifest.xml:55:17-57
69        </provider>
70    </application>
71
72</manifest>